[2026-05-01 20:10:54] Sync Error: SQLSTATE[42P01]: Undefined table: 7 ERROR:  no existe la relación «documents»
LINE 2:         INSERT INTO documents (
                            ^
[2026-05-01 20:16:05] Sync Error: SQLSTATE[42P01]: Undefined table: 7 ERROR:  no existe la relación «documents»
LINE 2:         INSERT INTO documents (
                            ^
[2026-05-01 20:16:06] Sync Error: SQLSTATE[42P01]: Undefined table: 7 ERROR:  no existe la relación «documents»
LINE 2:         INSERT INTO documents (
                            ^
[2026-05-01 20:16:06] Sync Error: SQLSTATE[42P01]: Undefined table: 7 ERROR:  no existe la relación «documents»
LINE 2:         INSERT INTO documents (
                            ^
[2026-05-01 20:16:07] Sync Error: SQLSTATE[42P01]: Undefined table: 7 ERROR:  no existe la relación «documents»
LINE 2:         INSERT INTO documents (
                            ^
[2026-05-01 20:16:07] Sync Error: SQLSTATE[42P01]: Undefined table: 7 ERROR:  no existe la relación «documents»
LINE 2:         INSERT INTO documents (
                            ^
[2026-05-01 20:16:07] Sync Error: SQLSTATE[42P01]: Undefined table: 7 ERROR:  no existe la relación «documents»
LINE 2:         INSERT INTO documents (
                            ^
[2026-05-01 20:16:07] Sync Error: SQLSTATE[42P01]: Undefined table: 7 ERROR:  no existe la relación «documents»
LINE 2:         INSERT INTO documents (
                            ^
[2026-05-01 20:16:08] Sync Error: SQLSTATE[42P01]: Undefined table: 7 ERROR:  no existe la relación «documents»
LINE 2:         INSERT INTO documents (
                            ^
[2026-05-01 20:16:08] Sync Error: SQLSTATE[42P01]: Undefined table: 7 ERROR:  no existe la relación «documents»
LINE 2:         INSERT INTO documents (
                            ^
[2026-05-01 20:16:08] Sync Error: SQLSTATE[42P01]: Undefined table: 7 ERROR:  no existe la relación «documents»
LINE 2:         INSERT INTO documents (
                            ^
[2026-05-01 20:16:08] Sync Error: SQLSTATE[42P01]: Undefined table: 7 ERROR:  no existe la relación «documents»
LINE 2:         INSERT INTO documents (
                            ^
[2026-05-01 20:16:08] Sync Error: SQLSTATE[42P01]: Undefined table: 7 ERROR:  no existe la relación «documents»
LINE 2:         INSERT INTO documents (
                            ^
[2026-05-01 20:16:09] Sync Error: SQLSTATE[42P01]: Undefined table: 7 ERROR:  no existe la relación «documents»
LINE 2:         INSERT INTO documents (
                            ^
[2026-05-01 20:16:09] Sync Error: SQLSTATE[42P01]: Undefined table: 7 ERROR:  no existe la relación «documents»
LINE 2:         INSERT INTO documents (
                            ^
[2026-05-01 20:16:09] Sync Error: SQLSTATE[42P01]: Undefined table: 7 ERROR:  no existe la relación «documents»
LINE 2:         INSERT INTO documents (
                            ^
[2026-05-01 20:20:00] Sync Error: SQLSTATE[23503]: Foreign key violation: 7 ERROR:  inserción o actualización en la tabla «documents» viola la llave foránea «fk_doc_category»
DETAIL:  La llave (category_id)=(2) no está presente en la tabla «categories».
[2026-05-01 20:20:12] Sync Error: SQLSTATE[23503]: Foreign key violation: 7 ERROR:  inserción o actualización en la tabla «documents» viola la llave foránea «fk_doc_category»
DETAIL:  La llave (category_id)=(2) no está presente en la tabla «categories».
[2026-05-01 20:20:12] Sync Error: SQLSTATE[23503]: Foreign key violation: 7 ERROR:  inserción o actualización en la tabla «documents» viola la llave foránea «fk_doc_category»
DETAIL:  La llave (category_id)=(2) no está presente en la tabla «categories».
[2026-05-01 20:20:12] Sync Error: SQLSTATE[23503]: Foreign key violation: 7 ERROR:  inserción o actualización en la tabla «documents» viola la llave foránea «fk_doc_category»
DETAIL:  La llave (category_id)=(2) no está presente en la tabla «categories».
[2026-05-01 20:20:12] Sync Error: SQLSTATE[23503]: Foreign key violation: 7 ERROR:  inserción o actualización en la tabla «documents» viola la llave foránea «fk_doc_category»
DETAIL:  La llave (category_id)=(2) no está presente en la tabla «categories».
[2026-05-03 02:59:57] Download failed: 2026/04/29\0356c3a1-defe-4cc6-bd84-76aad0244c39_Guia U2.pdf
[2026-05-03 02:59:57] Download failed: 2026/05/01\f7c51802-ed50-4236-8ea7-9eea25e4d613_kardex (1).pdf
[2026-05-03 02:59:57] Download failed: 2026/05/03\7247adc6-fce6-4c23-8dd8-c70b92213126_CURP_GARE040917HCLRSRA4.pdf
[2026-05-03 03:00:09] Download failed: 2026/04/29\0356c3a1-defe-4cc6-bd84-76aad0244c39_Guia U2.pdf
[2026-05-03 03:00:09] Download failed: 2026/05/01\f7c51802-ed50-4236-8ea7-9eea25e4d613_kardex (1).pdf
[2026-05-03 03:00:09] Download failed: 2026/05/03\7247adc6-fce6-4c23-8dd8-c70b92213126_CURP_GARE040917HCLRSRA4.pdf
[2026-05-03 03:00:10] Download failed: 2026/04/29\0356c3a1-defe-4cc6-bd84-76aad0244c39_Guia U2.pdf
[2026-05-03 03:00:10] Download failed: 2026/05/01\f7c51802-ed50-4236-8ea7-9eea25e4d613_kardex (1).pdf
[2026-05-03 03:00:10] Download failed: 2026/05/03\7247adc6-fce6-4c23-8dd8-c70b92213126_CURP_GARE040917HCLRSRA4.pdf
[2026-05-03 03:00:14] Download failed: 2026/04/29\0356c3a1-defe-4cc6-bd84-76aad0244c39_Guia U2.pdf
[2026-05-03 03:00:14] Download failed: 2026/05/01\f7c51802-ed50-4236-8ea7-9eea25e4d613_kardex (1).pdf
[2026-05-03 03:00:14] Download failed: 2026/05/03\7247adc6-fce6-4c23-8dd8-c70b92213126_CURP_GARE040917HCLRSRA4.pdf
[2026-05-03 03:00:14] Download failed: 2026/04/29\0356c3a1-defe-4cc6-bd84-76aad0244c39_Guia U2.pdf
[2026-05-03 03:00:14] Download failed: 2026/05/01\f7c51802-ed50-4236-8ea7-9eea25e4d613_kardex (1).pdf
[2026-05-03 03:00:14] Download failed: 2026/05/03\7247adc6-fce6-4c23-8dd8-c70b92213126_CURP_GARE040917HCLRSRA4.pdf
[2026-05-03 03:00:17] Download failed: 2026/04/29\0356c3a1-defe-4cc6-bd84-76aad0244c39_Guia U2.pdf
[2026-05-03 03:00:17] Download failed: 2026/05/01\f7c51802-ed50-4236-8ea7-9eea25e4d613_kardex (1).pdf
[2026-05-03 03:00:17] Download failed: 2026/05/03\7247adc6-fce6-4c23-8dd8-c70b92213126_CURP_GARE040917HCLRSRA4.pdf
[2026-05-03 03:00:19] Download failed: 2026/04/29\0356c3a1-defe-4cc6-bd84-76aad0244c39_Guia U2.pdf
[2026-05-03 03:00:19] Download failed: 2026/05/01\f7c51802-ed50-4236-8ea7-9eea25e4d613_kardex (1).pdf
[2026-05-03 03:00:19] Download failed: 2026/05/03\7247adc6-fce6-4c23-8dd8-c70b92213126_CURP_GARE040917HCLRSRA4.pdf
[2026-05-03 03:00:20] Download failed: 2026/04/29\0356c3a1-defe-4cc6-bd84-76aad0244c39_Guia U2.pdf
[2026-05-03 03:00:20] Download failed: 2026/05/01\f7c51802-ed50-4236-8ea7-9eea25e4d613_kardex (1).pdf
[2026-05-03 03:00:20] Download failed: 2026/05/03\7247adc6-fce6-4c23-8dd8-c70b92213126_CURP_GARE040917HCLRSRA4.pdf
[2026-05-03 03:07:53] Download failed: 2026/04/29\0356c3a1-defe-4cc6-bd84-76aad0244c39_Guia U2.pdf
[2026-05-03 03:07:53] Download failed: 2026/05/01\f7c51802-ed50-4236-8ea7-9eea25e4d613_kardex (1).pdf
[2026-05-03 03:07:53] Download failed: 2026/05/03\7247adc6-fce6-4c23-8dd8-c70b92213126_CURP_GARE040917HCLRSRA4.pdf
[2026-05-03 07:48:16] Sync Error: SQLSTATE[22001]: String data, right truncated: 7 ERROR:  el valor es demasiado largo para el tipo character varying(20)
